<?xml version="1.0" encoding="UTF-8"?>
<!-- Generated by org.testng.reporters.JUnitReportReporter -->
<testsuite skipped="0" hostname="CPX-TJ6B58A401E" name="com.accenture.TestCalculatorF.TestCalculadora" tests="1" failures="0" timestamp="30 jul 2018 19:59:09 GMT" time="71.700" errors="0">
  <testcase name="mytest" time="71.700" classname="com.accenture.TestCalculatorF.TestCalculadora"/>
</testsuite> <!-- com.accenture.TestCalculatorF.TestCalculadora -->
